<?xml version="1.0" encoding="UTF-8"?>
<testsuite xmlns:xsi="http://www.w3.org/2001/XMLSchema-instance" xsi:noNamespaceSchemaLocation="https://maven.apache.org/surefire/maven-surefire-plugin/xsd/surefire-test-report.xsd" name="runner_file.TestRunner" time="473.057" tests="8" errors="0" skipped="0" failures="2">
  <properties>
    <property name="sun.desktop" value="windows"/>
    <property name="awt.toolkit" value="sun.awt.windows.WToolkit"/>
    <property name="file.encoding.pkg" value="sun.io"/>
    <property name="java.specification.version" value="1.8"/>
    <property name="sun.cpu.isalist" value="amd64"/>
    <property name="sun.jnu.encoding" value="Cp1252"/>
    <property name="java.class.path" value="D:\Projects\Cucumber_POM_CREST_ERP\target\test-classes;D:\Projects\Cucumber_POM_CREST_ERP\target\classes;C:\Users\KailashR\.m2\repository\io\cucumber\cucumber-java\6.9.0\cucumber-java-6.9.0.jar;C:\Users\KailashR\.m2\repository\io\cucumber\cucumber-core\6.9.0\cucumber-core-6.9.0.jar;C:\Users\KailashR\.m2\repository\io\cucumber\cucumber-gherkin\6.9.0\cucumber-gherkin-6.9.0.jar;C:\Users\KailashR\.m2\repository\io\cucumber\cucumber-gherkin-messages\6.9.0\cucumber-gherkin-messages-6.9.0.jar;C:\Users\KailashR\.m2\repository\io\cucumber\messages\13.2.0\messages-13.2.0.jar;C:\Users\KailashR\.m2\repository\io\cucumber\tag-expressions\3.0.0\tag-expressions-3.0.0.jar;C:\Users\KailashR\.m2\repository\io\cucumber\cucumber-expressions\10.3.0\cucumber-expressions-10.3.0.jar;C:\Users\KailashR\.m2\repository\io\cucumber\datatable\3.5.0\datatable-3.5.0.jar;C:\Users\KailashR\.m2\repository\io\cucumber\cucumber-plugin\6.9.0\cucumber-plugin-6.9.0.jar;C:\Users\KailashR\.m2\repository\io\cucumber\docstring\6.9.0\docstring-6.9.0.jar;C:\Users\KailashR\.m2\repository\io\cucumber\html-formatter\9.0.0\html-formatter-9.0.0.jar;C:\Users\KailashR\.m2\repository\io\cucumber\create-meta\2.0.4\create-meta-2.0.4.jar;C:\Users\KailashR\.m2\repository\org\apiguardian\apiguardian-api\1.1.0\apiguardian-api-1.1.0.jar;C:\Users\KailashR\.m2\repository\io\cucumber\cucumber-junit\6.9.0\cucumber-junit-6.9.0.jar;C:\Users\KailashR\.m2\repository\junit\junit\4.13.1\junit-4.13.1.jar;C:\Users\KailashR\.m2\repository\org\hamcrest\hamcrest-core\1.3\hamcrest-core-1.3.jar;C:\Users\KailashR\.m2\repository\org\seleniumhq\selenium\selenium-java\3.141.59\selenium-java-3.141.59.jar;C:\Users\KailashR\.m2\repository\org\seleniumhq\selenium\selenium-api\3.141.59\selenium-api-3.141.59.jar;C:\Users\KailashR\.m2\repository\org\seleniumhq\selenium\selenium-chrome-driver\3.141.59\selenium-chrome-driver-3.141.59.jar;C:\Users\KailashR\.m2\repository\org\seleniumhq\selenium\selenium-edge-driver\3.141.59\selenium-edge-driver-3.141.59.jar;C:\Users\KailashR\.m2\repository\org\seleniumhq\selenium\selenium-firefox-driver\3.141.59\selenium-firefox-driver-3.141.59.jar;C:\Users\KailashR\.m2\repository\org\seleniumhq\selenium\selenium-ie-driver\3.141.59\selenium-ie-driver-3.141.59.jar;C:\Users\KailashR\.m2\repository\org\seleniumhq\selenium\selenium-opera-driver\3.141.59\selenium-opera-driver-3.141.59.jar;C:\Users\KailashR\.m2\repository\org\seleniumhq\selenium\selenium-remote-driver\3.141.59\selenium-remote-driver-3.141.59.jar;C:\Users\KailashR\.m2\repository\org\seleniumhq\selenium\selenium-safari-driver\3.141.59\selenium-safari-driver-3.141.59.jar;C:\Users\KailashR\.m2\repository\org\seleniumhq\selenium\selenium-support\3.141.59\selenium-support-3.141.59.jar;C:\Users\KailashR\.m2\repository\net\bytebuddy\byte-buddy\1.8.15\byte-buddy-1.8.15.jar;C:\Users\KailashR\.m2\repository\org\apache\commons\commons-exec\1.3\commons-exec-1.3.jar;C:\Users\KailashR\.m2\repository\com\google\guava\guava\25.0-jre\guava-25.0-jre.jar;C:\Users\KailashR\.m2\repository\com\google\code\findbugs\jsr305\1.3.9\jsr305-1.3.9.jar;C:\Users\KailashR\.m2\repository\org\checkerframework\checker-compat-qual\2.0.0\checker-compat-qual-2.0.0.jar;C:\Users\KailashR\.m2\repository\com\google\errorprone\error_prone_annotations\2.1.3\error_prone_annotations-2.1.3.jar;C:\Users\KailashR\.m2\repository\com\google\j2objc\j2objc-annotations\1.1\j2objc-annotations-1.1.jar;C:\Users\KailashR\.m2\repository\org\codehaus\mojo\animal-sniffer-annotations\1.14\animal-sniffer-annotations-1.14.jar;C:\Users\KailashR\.m2\repository\com\squareup\okhttp3\okhttp\3.11.0\okhttp-3.11.0.jar;C:\Users\KailashR\.m2\repository\com\squareup\okio\okio\1.14.0\okio-1.14.0.jar;C:\Users\KailashR\.m2\repository\io\github\bonigarcia\webdrivermanager\4.2.2\webdrivermanager-4.2.2.jar;C:\Users\KailashR\.m2\repository\org\slf4j\slf4j-api\1.7.30\slf4j-api-1.7.30.jar;C:\Users\KailashR\.m2\repository\commons-io\commons-io\2.8.0\commons-io-2.8.0.jar;C:\Users\KailashR\.m2\repository\com\google\code\gson\gson\2.8.6\gson-2.8.6.jar;C:\Users\KailashR\.m2\repository\org\apache\commons\commons-lang3\3.11\commons-lang3-3.11.jar;C:\Users\KailashR\.m2\repository\org\apache\httpcomponents\client5\httpclient5\5.0.1\httpclient5-5.0.1.jar;C:\Users\KailashR\.m2\repository\org\apache\httpcomponents\core5\httpcore5\5.0.1\httpcore5-5.0.1.jar;C:\Users\KailashR\.m2\repository\org\apache\httpcomponents\core5\httpcore5-h2\5.0.1\httpcore5-h2-5.0.1.jar;C:\Users\KailashR\.m2\repository\org\rauschig\jarchivelib\1.1.0\jarchivelib-1.1.0.jar;C:\Users\KailashR\.m2\repository\org\jsoup\jsoup\1.13.1\jsoup-1.13.1.jar;C:\Users\KailashR\.m2\repository\tech\grasshopper\extentreports-cucumber6-adapter\2.8.2\extentreports-cucumber6-adapter-2.8.2.jar;C:\Users\KailashR\.m2\repository\com\aventstack\extentreports\5.0.6\extentreports-5.0.6.jar;C:\Users\KailashR\.m2\repository\io\reactivex\rxjava3\rxjava\3.0.4\rxjava-3.0.4.jar;C:\Users\KailashR\.m2\repository\org\reactivestreams\reactive-streams\1.0.3\reactive-streams-1.0.3.jar;C:\Users\KailashR\.m2\repository\org\freemarker\freemarker\2.3.30\freemarker-2.3.30.jar;C:\Users\KailashR\.m2\repository\org\projectlombok\lombok\1.18.12\lombok-1.18.12.jar;C:\Users\KailashR\.m2\repository\tech\grasshopper\extent-pdf-report\1.7.2\extent-pdf-report-1.7.2.jar;C:\Users\KailashR\.m2\repository\tech\grasshopper\cucumber-pdf-report\2.2.3\cucumber-pdf-report-2.2.3.jar;C:\Users\KailashR\.m2\repository\org\knowm\xchart\xchart\3.8.0\xchart-3.8.0.jar;C:\Users\KailashR\.m2\repository\de\erichseifert\vectorgraphics2d\VectorGraphics2D\0.13\VectorGraphics2D-0.13.jar;C:\Users\KailashR\.m2\repository\de\rototor\pdfbox\graphics2d\0.30\graphics2d-0.30.jar;C:\Users\KailashR\.m2\repository\com\madgag\animated-gif-lib\1.4\animated-gif-lib-1.4.jar;C:\Users\KailashR\.m2\repository\org\yaml\snakeyaml\1.28\snakeyaml-1.28.jar;C:\Users\KailashR\.m2\repository\tech\grasshopper\table-layout\1.2.0\table-layout-1.2.0.jar;C:\Users\KailashR\.m2\repository\com\aventstack\klov-reporter\5.0.6\klov-reporter-5.0.6.jar;C:\Users\KailashR\.m2\repository\org\mongodb\bson\3.6.4\bson-3.6.4.jar;C:\Users\KailashR\.m2\repository\org\apache\httpcomponents\httpclient\4.5.2\httpclient-4.5.2.jar;C:\Users\KailashR\.m2\repository\org\apache\httpcomponents\httpcore\4.4.4\httpcore-4.4.4.jar;C:\Users\KailashR\.m2\repository\org\apache\httpcomponents\httpmime\4.5.2\httpmime-4.5.2.jar;C:\Users\KailashR\.m2\repository\org\mongodb\mongodb-driver\3.3.0\mongodb-driver-3.3.0.jar;C:\Users\KailashR\.m2\repository\org\mongodb\mongodb-driver-core\3.3.0\mongodb-driver-core-3.3.0.jar;C:\Users\KailashR\.m2\repository\org\apache\poi\poi\4.1.2\poi-4.1.2.jar;C:\Users\KailashR\.m2\repository\commons-codec\commons-codec\1.13\commons-codec-1.13.jar;C:\Users\KailashR\.m2\repository\org\apache\commons\commons-collections4\4.4\commons-collections4-4.4.jar;C:\Users\KailashR\.m2\repository\org\apache\commons\commons-math3\3.6.1\commons-math3-3.6.1.jar;C:\Users\KailashR\.m2\repository\com\zaxxer\SparseBitSet\1.2\SparseBitSet-1.2.jar;C:\Users\KailashR\.m2\repository\org\apache\poi\poi-ooxml\4.1.2\poi-ooxml-4.1.2.jar;C:\Users\KailashR\.m2\repository\org\apache\poi\poi-ooxml-schemas\4.1.2\poi-ooxml-schemas-4.1.2.jar;C:\Users\KailashR\.m2\repository\org\apache\commons\commons-compress\1.19\commons-compress-1.19.jar;C:\Users\KailashR\.m2\repository\com\github\virtuald\curvesapi\1.06\curvesapi-1.06.jar;C:\Users\KailashR\.m2\repository\org\apache\poi\poi-scratchpad\4.1.2\poi-scratchpad-4.1.2.jar;C:\Users\KailashR\.m2\repository\org\apache\poi\ooxml-schemas\1.4\ooxml-schemas-1.4.jar;C:\Users\KailashR\.m2\repository\org\apache\xmlbeans\xmlbeans\3.0.1\xmlbeans-3.0.1.jar;C:\Users\KailashR\.m2\repository\org\apache\poi\openxml4j\1.0-beta\openxml4j-1.0-beta.jar;C:\Users\KailashR\.m2\repository\dom4j\dom4j\1.6.1\dom4j-1.6.1.jar;C:\Users\KailashR\.m2\repository\xml-apis\xml-apis\1.0.b2\xml-apis-1.0.b2.jar;C:\Users\KailashR\.m2\repository\log4j\log4j\1.2.17\log4j-1.2.17.jar;C:\Users\KailashR\.m2\repository\org\assertj\assertj-core\3.20.2\assertj-core-3.20.2.jar;C:\Users\KailashR\.m2\repository\org\apache\pdfbox\pdfbox\2.0.24\pdfbox-2.0.24.jar;C:\Users\KailashR\.m2\repository\org\apache\pdfbox\fontbox\2.0.24\fontbox-2.0.24.jar;C:\Users\KailashR\.m2\repository\commons-logging\commons-logging\1.2\commons-logging-1.2.jar;"/>
    <property name="java.vm.vendor" value="Oracle Corporation"/>
    <property name="sun.arch.data.model" value="64"/>
    <property name="user.variant" value=""/>
    <property name="java.vendor.url" value="http://java.oracle.com/"/>
    <property name="user.timezone" value="Asia/Calcutta"/>
    <property name="java.vm.specification.version" value="1.8"/>
    <property name="os.name" value="Windows 10"/>
    <property name="user.country" value="US"/>
    <property name="sun.java.launcher" value="SUN_STANDARD"/>
    <property name="sun.boot.library.path" value="C:\Program Files\Java\jdk1.8.0_201\jre\bin"/>
    <property name="sun.java.command" value="C:\Users\KailashR\AppData\Local\Temp\surefire7222471081575034860\surefirebooter8116214982061849840.jar C:\Users\KailashR\AppData\Local\Temp\surefire7222471081575034860 2021-07-13T18-59-29_551-jvmRun1 surefire544800597102253157tmp surefire_0730890766359559404tmp"/>
    <property name="surefire.test.class.path" value="D:\Projects\Cucumber_POM_CREST_ERP\target\test-classes;D:\Projects\Cucumber_POM_CREST_ERP\target\classes;C:\Users\KailashR\.m2\repository\io\cucumber\cucumber-java\6.9.0\cucumber-java-6.9.0.jar;C:\Users\KailashR\.m2\repository\io\cucumber\cucumber-core\6.9.0\cucumber-core-6.9.0.jar;C:\Users\KailashR\.m2\repository\io\cucumber\cucumber-gherkin\6.9.0\cucumber-gherkin-6.9.0.jar;C:\Users\KailashR\.m2\repository\io\cucumber\cucumber-gherkin-messages\6.9.0\cucumber-gherkin-messages-6.9.0.jar;C:\Users\KailashR\.m2\repository\io\cucumber\messages\13.2.0\messages-13.2.0.jar;C:\Users\KailashR\.m2\repository\io\cucumber\tag-expressions\3.0.0\tag-expressions-3.0.0.jar;C:\Users\KailashR\.m2\repository\io\cucumber\cucumber-expressions\10.3.0\cucumber-expressions-10.3.0.jar;C:\Users\KailashR\.m2\repository\io\cucumber\datatable\3.5.0\datatable-3.5.0.jar;C:\Users\KailashR\.m2\repository\io\cucumber\cucumber-plugin\6.9.0\cucumber-plugin-6.9.0.jar;C:\Users\KailashR\.m2\repository\io\cucumber\docstring\6.9.0\docstring-6.9.0.jar;C:\Users\KailashR\.m2\repository\io\cucumber\html-formatter\9.0.0\html-formatter-9.0.0.jar;C:\Users\KailashR\.m2\repository\io\cucumber\create-meta\2.0.4\create-meta-2.0.4.jar;C:\Users\KailashR\.m2\repository\org\apiguardian\apiguardian-api\1.1.0\apiguardian-api-1.1.0.jar;C:\Users\KailashR\.m2\repository\io\cucumber\cucumber-junit\6.9.0\cucumber-junit-6.9.0.jar;C:\Users\KailashR\.m2\repository\junit\junit\4.13.1\junit-4.13.1.jar;C:\Users\KailashR\.m2\repository\org\hamcrest\hamcrest-core\1.3\hamcrest-core-1.3.jar;C:\Users\KailashR\.m2\repository\org\seleniumhq\selenium\selenium-java\3.141.59\selenium-java-3.141.59.jar;C:\Users\KailashR\.m2\repository\org\seleniumhq\selenium\selenium-api\3.141.59\selenium-api-3.141.59.jar;C:\Users\KailashR\.m2\repository\org\seleniumhq\selenium\selenium-chrome-driver\3.141.59\selenium-chrome-driver-3.141.59.jar;C:\Users\KailashR\.m2\repository\org\seleniumhq\selenium\selenium-edge-driver\3.141.59\selenium-edge-driver-3.141.59.jar;C:\Users\KailashR\.m2\repository\org\seleniumhq\selenium\selenium-firefox-driver\3.141.59\selenium-firefox-driver-3.141.59.jar;C:\Users\KailashR\.m2\repository\org\seleniumhq\selenium\selenium-ie-driver\3.141.59\selenium-ie-driver-3.141.59.jar;C:\Users\KailashR\.m2\repository\org\seleniumhq\selenium\selenium-opera-driver\3.141.59\selenium-opera-driver-3.141.59.jar;C:\Users\KailashR\.m2\repository\org\seleniumhq\selenium\selenium-remote-driver\3.141.59\selenium-remote-driver-3.141.59.jar;C:\Users\KailashR\.m2\repository\org\seleniumhq\selenium\selenium-safari-driver\3.141.59\selenium-safari-driver-3.141.59.jar;C:\Users\KailashR\.m2\repository\org\seleniumhq\selenium\selenium-support\3.141.59\selenium-support-3.141.59.jar;C:\Users\KailashR\.m2\repository\net\bytebuddy\byte-buddy\1.8.15\byte-buddy-1.8.15.jar;C:\Users\KailashR\.m2\repository\org\apache\commons\commons-exec\1.3\commons-exec-1.3.jar;C:\Users\KailashR\.m2\repository\com\google\guava\guava\25.0-jre\guava-25.0-jre.jar;C:\Users\KailashR\.m2\repository\com\google\code\findbugs\jsr305\1.3.9\jsr305-1.3.9.jar;C:\Users\KailashR\.m2\repository\org\checkerframework\checker-compat-qual\2.0.0\checker-compat-qual-2.0.0.jar;C:\Users\KailashR\.m2\repository\com\google\errorprone\error_prone_annotations\2.1.3\error_prone_annotations-2.1.3.jar;C:\Users\KailashR\.m2\repository\com\google\j2objc\j2objc-annotations\1.1\j2objc-annotations-1.1.jar;C:\Users\KailashR\.m2\repository\org\codehaus\mojo\animal-sniffer-annotations\1.14\animal-sniffer-annotations-1.14.jar;C:\Users\KailashR\.m2\repository\com\squareup\okhttp3\okhttp\3.11.0\okhttp-3.11.0.jar;C:\Users\KailashR\.m2\repository\com\squareup\okio\okio\1.14.0\okio-1.14.0.jar;C:\Users\KailashR\.m2\repository\io\github\bonigarcia\webdrivermanager\4.2.2\webdrivermanager-4.2.2.jar;C:\Users\KailashR\.m2\repository\org\slf4j\slf4j-api\1.7.30\slf4j-api-1.7.30.jar;C:\Users\KailashR\.m2\repository\commons-io\commons-io\2.8.0\commons-io-2.8.0.jar;C:\Users\KailashR\.m2\repository\com\google\code\gson\gson\2.8.6\gson-2.8.6.jar;C:\Users\KailashR\.m2\repository\org\apache\commons\commons-lang3\3.11\commons-lang3-3.11.jar;C:\Users\KailashR\.m2\repository\org\apache\httpcomponents\client5\httpclient5\5.0.1\httpclient5-5.0.1.jar;C:\Users\KailashR\.m2\repository\org\apache\httpcomponents\core5\httpcore5\5.0.1\httpcore5-5.0.1.jar;C:\Users\KailashR\.m2\repository\org\apache\httpcomponents\core5\httpcore5-h2\5.0.1\httpcore5-h2-5.0.1.jar;C:\Users\KailashR\.m2\repository\org\rauschig\jarchivelib\1.1.0\jarchivelib-1.1.0.jar;C:\Users\KailashR\.m2\repository\org\jsoup\jsoup\1.13.1\jsoup-1.13.1.jar;C:\Users\KailashR\.m2\repository\tech\grasshopper\extentreports-cucumber6-adapter\2.8.2\extentreports-cucumber6-adapter-2.8.2.jar;C:\Users\KailashR\.m2\repository\com\aventstack\extentreports\5.0.6\extentreports-5.0.6.jar;C:\Users\KailashR\.m2\repository\io\reactivex\rxjava3\rxjava\3.0.4\rxjava-3.0.4.jar;C:\Users\KailashR\.m2\repository\org\reactivestreams\reactive-streams\1.0.3\reactive-streams-1.0.3.jar;C:\Users\KailashR\.m2\repository\org\freemarker\freemarker\2.3.30\freemarker-2.3.30.jar;C:\Users\KailashR\.m2\repository\org\projectlombok\lombok\1.18.12\lombok-1.18.12.jar;C:\Users\KailashR\.m2\repository\tech\grasshopper\extent-pdf-report\1.7.2\extent-pdf-report-1.7.2.jar;C:\Users\KailashR\.m2\repository\tech\grasshopper\cucumber-pdf-report\2.2.3\cucumber-pdf-report-2.2.3.jar;C:\Users\KailashR\.m2\repository\org\knowm\xchart\xchart\3.8.0\xchart-3.8.0.jar;C:\Users\KailashR\.m2\repository\de\erichseifert\vectorgraphics2d\VectorGraphics2D\0.13\VectorGraphics2D-0.13.jar;C:\Users\KailashR\.m2\repository\de\rototor\pdfbox\graphics2d\0.30\graphics2d-0.30.jar;C:\Users\KailashR\.m2\repository\com\madgag\animated-gif-lib\1.4\animated-gif-lib-1.4.jar;C:\Users\KailashR\.m2\repository\org\yaml\snakeyaml\1.28\snakeyaml-1.28.jar;C:\Users\KailashR\.m2\repository\tech\grasshopper\table-layout\1.2.0\table-layout-1.2.0.jar;C:\Users\KailashR\.m2\repository\com\aventstack\klov-reporter\5.0.6\klov-reporter-5.0.6.jar;C:\Users\KailashR\.m2\repository\org\mongodb\bson\3.6.4\bson-3.6.4.jar;C:\Users\KailashR\.m2\repository\org\apache\httpcomponents\httpclient\4.5.2\httpclient-4.5.2.jar;C:\Users\KailashR\.m2\repository\org\apache\httpcomponents\httpcore\4.4.4\httpcore-4.4.4.jar;C:\Users\KailashR\.m2\repository\org\apache\httpcomponents\httpmime\4.5.2\httpmime-4.5.2.jar;C:\Users\KailashR\.m2\repository\org\mongodb\mongodb-driver\3.3.0\mongodb-driver-3.3.0.jar;C:\Users\KailashR\.m2\repository\org\mongodb\mongodb-driver-core\3.3.0\mongodb-driver-core-3.3.0.jar;C:\Users\KailashR\.m2\repository\org\apache\poi\poi\4.1.2\poi-4.1.2.jar;C:\Users\KailashR\.m2\repository\commons-codec\commons-codec\1.13\commons-codec-1.13.jar;C:\Users\KailashR\.m2\repository\org\apache\commons\commons-collections4\4.4\commons-collections4-4.4.jar;C:\Users\KailashR\.m2\repository\org\apache\commons\commons-math3\3.6.1\commons-math3-3.6.1.jar;C:\Users\KailashR\.m2\repository\com\zaxxer\SparseBitSet\1.2\SparseBitSet-1.2.jar;C:\Users\KailashR\.m2\repository\org\apache\poi\poi-ooxml\4.1.2\poi-ooxml-4.1.2.jar;C:\Users\KailashR\.m2\repository\org\apache\poi\poi-ooxml-schemas\4.1.2\poi-ooxml-schemas-4.1.2.jar;C:\Users\KailashR\.m2\repository\org\apache\commons\commons-compress\1.19\commons-compress-1.19.jar;C:\Users\KailashR\.m2\repository\com\github\virtuald\curvesapi\1.06\curvesapi-1.06.jar;C:\Users\KailashR\.m2\repository\org\apache\poi\poi-scratchpad\4.1.2\poi-scratchpad-4.1.2.jar;C:\Users\KailashR\.m2\repository\org\apache\poi\ooxml-schemas\1.4\ooxml-schemas-1.4.jar;C:\Users\KailashR\.m2\repository\org\apache\xmlbeans\xmlbeans\3.0.1\xmlbeans-3.0.1.jar;C:\Users\KailashR\.m2\repository\org\apache\poi\openxml4j\1.0-beta\openxml4j-1.0-beta.jar;C:\Users\KailashR\.m2\repository\dom4j\dom4j\1.6.1\dom4j-1.6.1.jar;C:\Users\KailashR\.m2\repository\xml-apis\xml-apis\1.0.b2\xml-apis-1.0.b2.jar;C:\Users\KailashR\.m2\repository\log4j\log4j\1.2.17\log4j-1.2.17.jar;C:\Users\KailashR\.m2\repository\org\assertj\assertj-core\3.20.2\assertj-core-3.20.2.jar;C:\Users\KailashR\.m2\repository\org\apache\pdfbox\pdfbox\2.0.24\pdfbox-2.0.24.jar;C:\Users\KailashR\.m2\repository\org\apache\pdfbox\fontbox\2.0.24\fontbox-2.0.24.jar;C:\Users\KailashR\.m2\repository\commons-logging\commons-logging\1.2\commons-logging-1.2.jar;"/>
    <property name="sun.cpu.endian" value="little"/>
    <property name="user.home" value="C:\Users\KailashR"/>
    <property name="user.language" value="en"/>
    <property name="java.specification.vendor" value="Oracle Corporation"/>
    <property name="java.home" value="C:\Program Files\Java\jdk1.8.0_201\jre"/>
    <property name="basedir" value="D:\Projects\Cucumber_POM_CREST_ERP"/>
    <property name="file.separator" value="\"/>
    <property name="line.separator" value="&#10;"/>
    <property name="java.vm.specification.vendor" value="Oracle Corporation"/>
    <property name="java.specification.name" value="Java Platform API Specification"/>
    <property name="java.awt.graphicsenv" value="sun.awt.Win32GraphicsEnvironment"/>
    <property name="surefire.real.class.path" value="C:\Users\KailashR\AppData\Local\Temp\surefire7222471081575034860\surefirebooter8116214982061849840.jar"/>
    <property name="sun.boot.class.path" value="C:\Program Files\Java\jdk1.8.0_201\jre\lib\resources.jar;C:\Program Files\Java\jdk1.8.0_201\jre\lib\rt.jar;C:\Program Files\Java\jdk1.8.0_201\jre\lib\sunrsasign.jar;C:\Program Files\Java\jdk1.8.0_201\jre\lib\jsse.jar;C:\Program Files\Java\jdk1.8.0_201\jre\lib\jce.jar;C:\Program Files\Java\jdk1.8.0_201\jre\lib\charsets.jar;C:\Program Files\Java\jdk1.8.0_201\jre\lib\jfr.jar;C:\Program Files\Java\jdk1.8.0_201\jre\classes"/>
    <property name="user.script" value=""/>
    <property name="sun.management.compiler" value="HotSpot 64-Bit Tiered Compilers"/>
    <property name="java.runtime.version" value="1.8.0_201-b09"/>
    <property name="user.name" value="KailashR"/>
    <property name="path.separator" value=";"/>
    <property name="os.version" value="10.0"/>
    <property name="java.endorsed.dirs" value="C:\Program Files\Java\jdk1.8.0_201\jre\lib\endorsed"/>
    <property name="java.runtime.name" value="Java(TM) SE Runtime Environment"/>
    <property name="file.encoding" value="Cp1252"/>
    <property name="java.vm.name" value="Java HotSpot(TM) 64-Bit Server VM"/>
    <property name="localRepository" value="C:\Users\KailashR\.m2\repository"/>
    <property name="java.vendor.url.bug" value="http://bugreport.sun.com/bugreport/"/>
    <property name="java.io.tmpdir" value="C:\Users\KailashR\AppData\Local\Temp\"/>
    <property name="java.version" value="1.8.0_201"/>
    <property name="user.dir" value="D:\Projects\Cucumber_POM_CREST_ERP"/>
    <property name="os.arch" value="amd64"/>
    <property name="java.vm.specification.name" value="Java Virtual Machine Specification"/>
    <property name="java.awt.printerjob" value="sun.awt.windows.WPrinterJob"/>
    <property name="sun.os.patch.level" value=""/>
    <property name="java.library.path" value="C:\Program Files\Java\jdk1.8.0_201\jre\bin;C:\WINDOWS\Sun\Java\bin;C:\WINDOWS\system32;C:\WINDOWS;C:\Program Files (x86)\Common Files\Oracle\Java\javapath;C:\Program Files\Intel\iCLS Client\;C:\WINDOWS\system32;C:\WINDOWS;C:\WINDOWS\System32\Wbem;C:\WINDOWS\System32\WindowsPowerShell\v1.0\;C:\WINDOWS\System32\OpenSSH\;C:\Program Files\Git\cmd;C:\Program Files\TortoiseSVN\bin;C:\Program Files\Java\jdk1.8.0_201\bin;C:\Program Files (x86)\Intel\Intel(R) Management Engine Components\DAL;C:\Program Files\Intel\Intel(R) Management Engine Components\DAL;C:\Program Files\apache-maven-3.8.1\bin;C:\Program Files\Java\jdk1.8.0_201\bin;%USERPROFILE%\AppData\Local\Microsoft\WindowsApps;;."/>
    <property name="java.vm.info" value="mixed mode"/>
    <property name="java.vendor" value="Oracle Corporation"/>
    <property name="java.vm.version" value="25.201-b09"/>
    <property name="java.ext.dirs" value="C:\Program Files\Java\jdk1.8.0_201\jre\lib\ext;C:\WINDOWS\Sun\Java\lib\ext"/>
    <property name="sun.io.unicode.encoding" value="UnicodeLittle"/>
    <property name="java.class.version" value="52.0"/>
  </properties>
  <testcase name="Create PO - TC01(Crest Release - 3.4 - TC01 - Local Purchase Order (for Stock Items ) - Purchase Order with Single level approval , GST " classname=" Intra ), Single Shipment, Supplier Invoice &amp; Single Payment" time="83.04"/>
  <testcase name="PO Approval - TC01(Crest Release - 3.4 - TC01 - Local Purchase Order (for Stock Items ) - Purchase Order with Single level approval , GST " classname=" Intra ), Single Shipment, Supplier Invoice &amp; Single Payment" time="33.637"/>
  <testcase name="Receive Inventory - TC01(Crest Release - 3.4 - TC01 - Local Purchase Order (for Stock Items ) - Purchase Order with Single level approval , GST " classname=" Intra ), Single Shipment, Supplier Invoice &amp; Single Payment" time="55.565"/>
  <testcase name="Invoice Posting - TC01(Crest Release - 3.4 - TC01 - Local Purchase Order (for Stock Items ) - Purchase Order with Single level approval , GST " classname=" Intra ), Single Shipment, Supplier Invoice &amp; Single Payment" time="44.483">
    <failure message="&#10;The following assertion failed:&#10;1) expected:&lt;&quot;₹660114.8[9]&quot;&gt; but was:&lt;&quot;₹660114.8[7]&quot;&gt;&#10;" type="org.assertj.core.api.SoftAssertionError"><![CDATA[org.assertj.core.api.SoftAssertionError: 

The following assertion failed:
1) expected:<"₹660114.8[9]"> but was:<"₹660114.8[7]">

]]></failure>
    <system-out><![CDATA[
@TC01-04
Scenario: Invoice Posting - TC01                                                  # src/test/resources/Procurement_flow_feature_files/TC01.feature:29
Initializing Driver
https://crestqa.crest-erp.com:8443/crest/login/control/main
  Given Launch the Application                                                    # stepdefinition_files.Crest_Login_Stepdef.launch_the_Application()
  Then Login with valid Credentials                                               # stepdefinition_files.Crest_Login_Stepdef.login_with_valid_Credentials()
Nagarjuna Fertilizers [11680]
PO Invoice ID's Posted Successfully
9
PI Sub Total validated Successfully
9
00001 - 17041
00002 - 17041
00003 - 17041
00004 - 17041
00005 - 17041
Sub Total (Item base Price)
Shipping Charges
Tax Amount (Consolidated)
PI Tax Amt validated Successfully
Grand Total
9
PI Grand Total validated Successfully
Tax Breakup Table Validated Successfully
  Given Invoice Posting (Single Invoice) - TC_One                                 # stepdefinition_files.TC01_Stepdef.invoice_Posting_Single_Invoice_TC_One()
  Then Validating SubTotal/Tax/GrandTotal for all the Generated Invoices - TC_One # stepdefinition_files.TC01_Stepdef.validating_SubTotal_Tax_GrandTotal_for_all_the_Generated_Invoices_TC_One()
      org.assertj.core.api.SoftAssertionError: 
The following assertion failed:
1) expected:<"â‚¹660114.8[9]"> but was:<"â‚¹660114.8[7]">

	at org.assertj.core.error.AssertionErrorCreator.multipleSoftAssertionsError(AssertionErrorCreator.java:100)
	at org.assertj.core.api.AbstractSoftAssertions.assertAll(AbstractSoftAssertions.java:37)
	at org.assertj.core.api.AbstractSoftAssertions.assertAll(AbstractSoftAssertions.java:42)
	at com.AccountsPayable_Modules.AP_PurchaseInvoices_Overview.PI_View_softAssert(AP_PurchaseInvoices_Overview.java:598)
	at stepdefinition_files.TC01_Stepdef.validating_SubTotal_Tax_GrandTotal_for_all_the_Generated_Invoices_TC_One(TC01_Stepdef.java:96)
	at âœ½.Validating SubTotal/Tax/GrandTotal for all the Generated Invoices - TC_One(file:///D:/Projects/Cucumber_POM_CREST_ERP/src/test/resources/Procurement_flow_feature_files/TC01.feature:32)


    Embedding Invoice_Posting_-_TC01 [image/png 52571 bytes]

]]></system-out>
    <system-err><![CDATA[Starting ChromeDriver 91.0.4472.19 (1bf021f248676a0b2ab3ee0561d83a59e424c23e-refs/branch-heads/4472@{#288}) on port 3176
Only local connections are allowed.
Please see https://chromedriver.chromium.org/security-considerations for suggestions on keeping ChromeDriver safe.
ChromeDriver was started successfully.
Jul 13, 2021 7:02:26 PM org.openqa.selenium.remote.ProtocolHandshake createSession
INFO: Detected dialect: W3C
]]></system-err>
  </testcase>
  <testcase name="Payments - TC01(Crest Release - 3.4 - TC01 - Local Purchase Order (for Stock Items ) - Purchase Order with Single level approval , GST " classname=" Intra ), Single Shipment, Supplier Invoice &amp; Single Payment" time="95.97"/>
  <testcase name="Transactions Validations under Finance Module with Shipment ID- TC01(Crest Release - 3.4 - TC01 - Local Purchase Order (for Stock Items ) - Purchase Order with Single level approval , GST " classname=" Intra ), Single Shipment, Supplier Invoice &amp; Single Payment" time="80.504"/>
  <testcase name="Transactions Validations under Finance Module with Invoice ID- TC01(Crest Release - 3.4 - TC01 - Local Purchase Order (for Stock Items ) - Purchase Order with Single level approval , GST " classname=" Intra ), Single Shipment, Supplier Invoice &amp; Single Payment" time="32.165"/>
  <testcase name="Transactions Validations under Finance Module with Payment ID- TC01(Crest Release - 3.4 - TC01 - Local Purchase Order (for Stock Items ) - Purchase Order with Single level approval , GST " classname=" Intra ), Single Shipment, Supplier Invoice &amp; Single Payment" time="42.954">
    <failure message="&#10;The following 2 assertions failed:&#10;1) expected:&lt;&quot;₹660114.8[9]&quot;&gt; but was:&lt;&quot;₹660114.8[7]&quot;&gt;&#10;2) expected:&lt;&quot;₹660114.8[9]&quot;&gt; but was:&lt;&quot;₹660114.8[7]&quot;&gt;&#10;" type="org.assertj.core.api.SoftAssertionError"><![CDATA[org.assertj.core.api.SoftAssertionError: 

The following 2 assertions failed:
1) expected:<"₹660114.8[9]"> but was:<"₹660114.8[7]">
2) expected:<"₹660114.8[9]"> but was:<"₹660114.8[7]">

]]></failure>
    <system-out><![CDATA[
@TC01-08
Scenario: Transactions Validations under Finance Module with Payment ID- TC01         # src/test/resources/Procurement_flow_feature_files/TC01.feature:50
Initializing Driver
https://crestqa.crest-erp.com:8443/crest/login/control/main
  Given Launch the Application                                                        # stepdefinition_files.Crest_Login_Stepdef.launch_the_Application()
  Then Login with valid Credentials                                                   # stepdefinition_files.Crest_Login_Stepdef.login_with_valid_Credentials()
4
NERI LIGHTING INDIA PVT. LTD. Accounting
Paulsons Group of Companies Accounting
UIDAI Accounting
2
1st line value ?660114.87
2nd line value ?660114.87
  Given Validate Accounting transactions with PaymentID under Finance Module - TC_One # stepdefinition_files.TC01_Stepdef.validate_Accounting_transactions_with_PaymentID_under_Finance_Module_TC_One()
      org.assertj.core.api.SoftAssertionError: 
The following 2 assertions failed:
1) expected:<"â‚¹660114.8[9]"> but was:<"â‚¹660114.8[7]">
2) expected:<"â‚¹660114.8[9]"> but was:<"â‚¹660114.8[7]">

	at org.assertj.core.error.AssertionErrorCreator.multipleSoftAssertionsError(AssertionErrorCreator.java:100)
	at org.assertj.core.api.AbstractSoftAssertions.assertAll(AbstractSoftAssertions.java:37)
	at org.assertj.core.api.AbstractSoftAssertions.assertAll(AbstractSoftAssertions.java:42)
	at com.Financials_Modules.Financials_AcctTransaction_GLTransactionViewEntry.AcctTrans_PaymentID_softAssert(Financials_AcctTransaction_GLTransactionViewEntry.java:450)
	at stepdefinition_files.TC01_Stepdef.validate_Accounting_transactions_with_PaymentID_under_Finance_Module_TC_One(TC01_Stepdef.java:133)
	at âœ½.Validate Accounting transactions with PaymentID under Finance Module - TC_One(file:///D:/Projects/Cucumber_POM_CREST_ERP/src/test/resources/Procurement_flow_feature_files/TC01.feature:52)


    Embedding Transactions_Validations_under_Finance_Module_with_Payment_ID-_TC01 [image/png 49928 bytes]

]]></system-out>
    <system-err><![CDATA[Starting ChromeDriver 91.0.4472.19 (1bf021f248676a0b2ab3ee0561d83a59e424c23e-refs/branch-heads/4472@{#288}) on port 38963
Only local connections are allowed.
Please see https://chromedriver.chromium.org/security-considerations for suggestions on keeping ChromeDriver safe.
ChromeDriver was started successfully.
Jul 13, 2021 7:06:39 PM org.openqa.selenium.remote.ProtocolHandshake createSession
INFO: Detected dialect: W3C
]]></system-err>
  </testcase>
</testsuite>